<?xml version="1.0" encoding="UTF-8"?>
<testng-results ignored="0" total="1" passed="1" failed="0" skipped="0">
  <reporter-output>
  </reporter-output>
  <suite started-at="2023-01-07T22:57:16 IST" name="Default suite" finished-at="2023-01-07T22:57:32 IST" duration-ms="15209">
    <groups>
    </groups>
    <test started-at="2023-01-07T22:57:16 IST" name="Default test" finished-at="2023-01-07T22:57:32 IST" duration-ms="15209">
      <class name="test.TestNG_Demo">
        <test-method is-config="true" signature="setUpTest()[pri:0, instance:test.TestNG_Demo@1a942c18]" started-at="2023-01-07T22:57:16 IST" name="setUpTest" finished-at="2023-01-07T22:57:25 IST" duration-ms="8731" status="PASS">
          <reporter-output>
          </reporter-output>
        </test-method> <!-- setUpTest -->
        <test-method signature="googleSearch()[pri:0, instance:test.TestNG_Demo@1a942c18]" started-at="2023-01-07T22:57:25 IST" name="googleSearch" finished-at="2023-01-07T22:57:31 IST" duration-ms="6147" status="PASS">
          <reporter-output>
          </reporter-output>
        </test-method> <!-- googleSearch -->
        <test-method is-config="true" signature="tearDownTest()[pri:0, instance:test.TestNG_Demo@1a942c18]" started-at="2023-01-07T22:57:31 IST" name="tearDownTest" finished-at="2023-01-07T22:57:32 IST" duration-ms="290" status="PASS">
          <reporter-output>
          </reporter-output>
        </test-method> <!-- tearDownTest -->
      </class> <!-- test.TestNG_Demo -->
    </test> <!-- Default test -->
  </suite> <!-- Default suite -->
</testng-results>
